<?xml version="1.0" encoding="UTF-8"?>
<coverage generated="1613382528383" clover="3.2.0">
  <project timestamp="1613382528383" name="All files">
    <metrics statements="12" coveredstatements="12" conditionals="6" coveredconditionals="5" methods="5" coveredmethods="5" elements="23" coveredelements="22" complexity="0" loc="12" ncloc="12" packages="1" files="1" classes="1"/>
    <file name="index.ts" path="C:\Users\kostayne\Desktop\Frontend\oop-observer\src\index.ts">
      <metrics statements="12" coveredstatements="12" conditionals="6" coveredconditionals="5" methods="5" coveredmethods="5"/>
      <line num="12" count="4" type="stmt"/>
      <line num="15" count="6" type="stmt"/>
      <line num="16" count="2" type="cond" truecount="1" falsecount="1"/>
      <line num="19" count="4" type="stmt"/>
      <line num="23" count="4" type="cond" truecount="2" falsecount="0"/>
      <line num="24" count="1" type="stmt"/>
      <line num="26" count="3" type="stmt"/>
      <line num="30" count="2" type="stmt"/>
      <line num="31" count="2" type="cond" truecount="2" falsecount="0"/>
      <line num="32" count="1" type="stmt"/>
      <line num="36" count="2" type="stmt"/>
      <line num="37" count="1" type="stmt"/>
    </file>
  </project>
</coverage>
