{"C:\\Users\\kostayne\\Desktop\\Frontend\\oop-observer\\src\\index.ts": {"path":"C:\\Users\\kostayne\\Desktop\\Frontend\\oop-observer\\src\\index.ts","statementMap":{"0":{"start":{"line":12,"column":42},"end":{"line":12,"column":44}},"1":{"start":{"line":15,"column":8},"end":{"line":17,"column":9}},"2":{"start":{"line":15,"column":21},"end":{"line":15,"column":22}},"3":{"start":{"line":16,"column":12},"end":{"line":16,"column":56}},"4":{"start":{"line":16,"column":47},"end":{"line":16,"column":56}},"5":{"start":{"line":19,"column":8},"end":{"line":19,"column":18}},"6":{"start":{"line":23,"column":8},"end":{"line":25,"column":9}},"7":{"start":{"line":24,"column":12},"end":{"line":24,"column":62}},"8":{"start":{"line":26,"column":8},"end":{"line":26,"column":38}},"9":{"start":{"line":30,"column":22},"end":{"line":30,"column":54}},"10":{"start":{"line":31,"column":8},"end":{"line":31,"column":71}},"11":{"start":{"line":31,"column":25},"end":{"line":31,"column":71}},"12":{"start":{"line":32,"column":8},"end":{"line":32,"column":40}},"13":{"start":{"line":36,"column":8},"end":{"line":38,"column":11}},"14":{"start":{"line":37,"column":12},"end":{"line":37,"column":35}}},"fnMap":{"0":{"name":"(anonymous_0)","decl":{"start":{"line":14,"column":4},"end":{"line":14,"column":5}},"loc":{"start":{"line":14,"column":54},"end":{"line":20,"column":5}},"line":14},"1":{"name":"(anonymous_1)","decl":{"start":{"line":22,"column":4},"end":{"line":22,"column":5}},"loc":{"start":{"line":22,"column":38},"end":{"line":27,"column":5}},"line":22},"2":{"name":"(anonymous_2)","decl":{"start":{"line":29,"column":4},"end":{"line":29,"column":5}},"loc":{"start":{"line":29,"column":40},"end":{"line":33,"column":5}},"line":29},"3":{"name":"(anonymous_3)","decl":{"start":{"line":35,"column":4},"end":{"line":35,"column":5}},"loc":{"start":{"line":35,"column":21},"end":{"line":39,"column":5}},"line":35},"4":{"name":"(anonymous_4)","decl":{"start":{"line":36,"column":31},"end":{"line":36,"column":32}},"loc":{"start":{"line":36,"column":45},"end":{"line":38,"column":9}},"line":36}},"branchMap":{"0":{"loc":{"start":{"line":16,"column":12},"end":{"line":16,"column":56}},"type":"if","locations":[{"start":{"line":16,"column":12},"end":{"line":16,"column":56}},{"start":{"line":16,"column":12},"end":{"line":16,"column":56}}],"line":16},"1":{"loc":{"start":{"line":23,"column":8},"end":{"line":25,"column":9}},"type":"if","locations":[{"start":{"line":23,"column":8},"end":{"line":25,"column":9}},{"start":{"line":23,"column":8},"end":{"line":25,"column":9}}],"line":23},"2":{"loc":{"start":{"line":31,"column":8},"end":{"line":31,"column":71}},"type":"if","locations":[{"start":{"line":31,"column":8},"end":{"line":31,"column":71}},{"start":{"line":31,"column":8},"end":{"line":31,"column":71}}],"line":31}},"s":{"0":4,"1":6,"2":6,"3":2,"4":2,"5":4,"6":4,"7":1,"8":3,"9":2,"10":2,"11":1,"12":1,"13":2,"14":1},"f":{"0":6,"1":4,"2":2,"3":2,"4":1},"b":{"0":[2,0],"1":[1,3],"2":[1,1]},"_coverageSchema":"1a1c01bbd47fc00a2c39e90264f33305004495a9","hash":"b60548296654aab8dc0244250e32be80289075e2"}
}
