{"C:\\Users\\kostayne\\Desktop\\Frontend\\oop-observer\\src\\index.ts": {"path":"C:\\Users\\kostayne\\Desktop\\Frontend\\oop-observer\\src\\index.ts","statementMap":{"0":{"start":{"line":11,"column":0},"end":{"line":11,"column":13}},"1":{"start":{"line":12,"column":14},"end":{"line":12,"column":45}},"2":{"start":{"line":14,"column":12},"end":{"line":20,"column":null}},"3":{"start":{"line":15,"column":8},"end":{"line":17,"column":null}},"4":{"start":{"line":15,"column":21},"end":{"line":15,"column":22}},"5":{"start":{"line":16,"column":12},"end":{"line":16,"column":56}},"6":{"start":{"line":16,"column":47},"end":{"line":16,"column":56}},"7":{"start":{"line":19,"column":8},"end":{"line":19,"column":18}},"8":{"start":{"line":22,"column":4},"end":{"line":27,"column":null}},"9":{"start":{"line":23,"column":8},"end":{"line":25,"column":null}},"10":{"start":{"line":24,"column":12},"end":{"line":24,"column":62}},"11":{"start":{"line":26,"column":8},"end":{"line":26,"column":38}},"12":{"start":{"line":29,"column":4},"end":{"line":33,"column":null}},"13":{"start":{"line":30,"column":22},"end":{"line":30,"column":54}},"14":{"start":{"line":31,"column":8},"end":{"line":31,"column":71}},"15":{"start":{"line":31,"column":25},"end":{"line":31,"column":71}},"16":{"start":{"line":32,"column":8},"end":{"line":32,"column":40}},"17":{"start":{"line":35,"column":4},"end":{"line":39,"column":null}},"18":{"start":{"line":36,"column":8},"end":{"line":38,"column":11}},"19":{"start":{"line":37,"column":12},"end":{"line":37,"column":35}},"20":{"start":{"line":40,"column":0},"end":{"line":40,"column":null}},"21":{"start":{"line":11,"column":13},"end":{"line":11,"column":23}}},"fnMap":{"0":{"name":"(anonymous_0)","decl":{"start":{"line":11,"column":0},"end":{"line":11,"column":13}},"loc":{"start":{"line":11,"column":0},"end":{"line":40,"column":null}}},"1":{"name":"(anonymous_2)","decl":{"start":{"line":14,"column":4},"end":{"line":14,"column":12}},"loc":{"start":{"line":14,"column":52},"end":{"line":20,"column":5}}},"2":{"name":"(anonymous_3)","decl":{"start":{"line":22,"column":4},"end":{"line":22,"column":13}},"loc":{"start":{"line":22,"column":36},"end":{"line":27,"column":5}}},"3":{"name":"(anonymous_4)","decl":{"start":{"line":29,"column":4},"end":{"line":29,"column":15}},"loc":{"start":{"line":29,"column":38},"end":{"line":33,"column":5}}},"4":{"name":"(anonymous_5)","decl":{"start":{"line":35,"column":4},"end":{"line":35,"column":10}},"loc":{"start":{"line":35,"column":19},"end":{"line":39,"column":5}}},"5":{"name":"(anonymous_6)","decl":{"start":{"line":36,"column":31},"end":{"line":36,"column":32}},"loc":{"start":{"line":36,"column":40},"end":{"line":38,"column":9}}}},"branchMap":{"0":{"loc":{"start":{"line":16,"column":12},"end":{"line":16,"column":56}},"type":"if","locations":[{"start":{"line":16,"column":12},"end":{"line":16,"column":56}},{"start":{"line":16,"column":12},"end":{"line":16,"column":56}}]},"1":{"loc":{"start":{"line":23,"column":8},"end":{"line":25,"column":null}},"type":"if","locations":[{"start":{"line":23,"column":8},"end":{"line":25,"column":null}},{"start":{"line":23,"column":8},"end":{"line":25,"column":null}}]},"2":{"loc":{"start":{"line":31,"column":8},"end":{"line":31,"column":71}},"type":"if","locations":[{"start":{"line":31,"column":8},"end":{"line":31,"column":71}},{"start":{"line":31,"column":8},"end":{"line":31,"column":71}}]}},"s":{"0":1,"1":4,"2":1,"3":6,"4":6,"5":2,"6":2,"7":4,"8":1,"9":4,"10":1,"11":3,"12":1,"13":2,"14":2,"15":1,"16":1,"17":1,"18":2,"19":1,"20":1,"21":1},"f":{"0":5,"1":6,"2":4,"3":2,"4":2,"5":1},"b":{"0":[2,0],"1":[1,3],"2":[1,1]}}
}
