TN:
SF:src\index.ts
FN:11,(anonymous_0)
FN:14,(anonymous_2)
FN:22,(anonymous_3)
FN:29,(anonymous_4)
FN:35,(anonymous_5)
FN:36,(anonymous_6)
FNF:6
FNH:6
FNDA:5,(anonymous_0)
FNDA:6,(anonymous_2)
FNDA:4,(anonymous_3)
FNDA:2,(anonymous_4)
FNDA:2,(anonymous_5)
FNDA:1,(anonymous_6)
DA:11,1
DA:12,4
DA:14,1
DA:15,6
DA:16,2
DA:19,4
DA:22,1
DA:23,4
DA:24,1
DA:26,3
DA:29,1
DA:30,2
DA:31,2
DA:32,1
DA:35,1
DA:36,2
DA:37,1
DA:40,1
LF:18
LH:18
BRDA:16,0,0,2
BRDA:16,0,1,0
BRDA:23,1,0,1
BRDA:23,1,1,3
BRDA:31,2,0,1
BRDA:31,2,1,1
BRF:6
BRH:5
end_of_record
